Virtual User Script started at: 8/9/2025 9:38:21 PM	[MsgId: MMSG-15967]
Starting action vuser_init.	[MsgId: MMSG-15919]
Web Turbo Replay of LoadRunner 2021.0.0 for Windows 10; build 430 (Jan 05 2021 19:27:22)  	[MsgId: MMSG-26983]
Run mode: HTML  	[MsgId: MMSG-26993]
Replay user agent: Mozilla/5.0 (Windows NT 10.0; Win64; x64) AppleWebKit/537.36 (KHTML, like Gecko) Chrome/139.0.0.0 Safari/537.36  	[MsgId: MMSG-26988]
Runtime Settings file: "C:\Users\HP\AppData\Local\Temp\lr5tmpdirGDu.36\lrcfgq8k.37\cfgucw.43"  	[MsgId: MMSG-27141]
vuser_init.c(3): Notify: Transaction "TR1_JPetStore_Launch" started.	[MsgId: MMSG-16999]
vuser_init.c(5): web_set_sockets_option started  	[MsgId: MMSG-26355]
vuser_init.c(5): web_set_sockets_option was successful  	[MsgId: MMSG-26392]
vuser_init.c(8): web_add_auto_header("Sec-Fetch-Mode") started  	[MsgId: MMSG-26355]
vuser_init.c(8): web_add_auto_header("Sec-Fetch-Mode") was successful  	[MsgId: MMSG-26392]
vuser_init.c(11): web_add_auto_header("Sec-Fetch-Dest") started  	[MsgId: MMSG-26355]
vuser_init.c(11): web_add_auto_header("Sec-Fetch-Dest") was successful  	[MsgId: MMSG-26392]
vuser_init.c(14): web_add_header("Sec-Fetch-User") started  	[MsgId: MMSG-26355]
vuser_init.c(14): web_add_header("Sec-Fetch-User") was successful  	[MsgId: MMSG-26392]
vuser_init.c(17): web_add_header("Upgrade-Insecure-Requests") started  	[MsgId: MMSG-26355]
vuser_init.c(17): web_add_header("Upgrade-Insecure-Requests") was successful  	[MsgId: MMSG-26392]
vuser_init.c(20): web_add_header("sec-ch-ua") started  	[MsgId: MMSG-26355]
vuser_init.c(20): web_add_header("sec-ch-ua") was successful  	[MsgId: MMSG-26392]
vuser_init.c(23): web_add_header("sec-ch-ua-mobile") started  	[MsgId: MMSG-26355]
vuser_init.c(23): web_add_header("sec-ch-ua-mobile") was successful  	[MsgId: MMSG-26392]
vuser_init.c(26): web_add_header("sec-ch-ua-platform") started  	[MsgId: MMSG-26355]
vuser_init.c(26): web_add_header("sec-ch-ua-platform") was successful  	[MsgId: MMSG-26392]
vuser_init.c(29): web_custom_request("{P_HostName}") started  	[MsgId: MMSG-26355]
vuser_init.c(29): Notify: Parameter Substitution: parameter "P_HostName" =  "jpetstore.aspectran.com"	[MsgId: MMSG-13992]
vuser_init.c(29): Warning -26604: Unsupported "Content-Encoding"  	[MsgId: MWAR-26604]
vuser_init.c(29): web_custom_request("{P_HostName}") highest severity level was "warning", 5712 body bytes, 696 header bytes  	[MsgId: MMSG-26388]
vuser_init.c(40): web_add_header("Origin") started  	[MsgId: MMSG-26355]
vuser_init.c(40): Notify: Parameter Substitution: parameter "P_HostName" =  "jpetstore.aspectran.com"	[MsgId: MMSG-13992]
vuser_init.c(40): web_add_header("Origin") was successful  	[MsgId: MMSG-26392]
vuser_init.c(43): web_add_header("sec-ch-ua-platform") started  	[MsgId: MMSG-26355]
vuser_init.c(43): web_add_header("sec-ch-ua-platform") was successful  	[MsgId: MMSG-26392]
vuser_init.c(46): web_add_header("sec-ch-ua") started  	[MsgId: MMSG-26355]
vuser_init.c(46): web_add_header("sec-ch-ua") was successful  	[MsgId: MMSG-26392]
vuser_init.c(49): web_add_header("sec-ch-ua-mobile") started  	[MsgId: MMSG-26355]
vuser_init.c(49): web_add_header("sec-ch-ua-mobile") was successful  	[MsgId: MMSG-26392]
vuser_init.c(52): web_custom_request("speculation") started  	[MsgId: MMSG-26355]
vuser_init.c(52): Notify: Parameter Substitution: parameter "P_HostName" =  "jpetstore.aspectran.com"	[MsgId: MMSG-13992]
vuser_init.c(52): Notify: Parameter Substitution: parameter "P_HostName" =  "jpetstore.aspectran.com"	[MsgId: MMSG-13992]
vuser_init.c(52): web_custom_request("speculation") was successful, 128 body bytes, 608 header bytes  	[MsgId: MMSG-26386]
vuser_init.c(62): web_add_header("Origin") started  	[MsgId: MMSG-26355]
vuser_init.c(62): Notify: Parameter Substitution: parameter "P_HostName" =  "jpetstore.aspectran.com"	[MsgId: MMSG-13992]
vuser_init.c(62): web_add_header("Origin") was successful  	[MsgId: MMSG-26392]
vuser_init.c(65): web_add_header("sec-ch-ua-platform") started  	[MsgId: MMSG-26355]
vuser_init.c(65): web_add_header("sec-ch-ua-platform") was successful  	[MsgId: MMSG-26392]
vuser_init.c(68): web_add_header("sec-ch-ua") started  	[MsgId: MMSG-26355]
vuser_init.c(68): web_add_header("sec-ch-ua") was successful  	[MsgId: MMSG-26392]
vuser_init.c(71): web_add_header("sec-ch-ua-mobile") started  	[MsgId: MMSG-26355]
vuser_init.c(71): web_add_header("sec-ch-ua-mobile") was successful  	[MsgId: MMSG-26392]
vuser_init.c(76): web_custom_request("jquery-3.7.1.min.js") started  	[MsgId: MMSG-26355]
vuser_init.c(76): Notify: Parameter Substitution: parameter "P_HostName" =  "jpetstore.aspectran.com"	[MsgId: MMSG-13992]
vuser_init.c(76): Error -27644: Step download timeout (120 seconds) has expired when only cross-step downloads (0) were active  	[MsgId: MERR-27644]
vuser_init.c(76): Aborting pending download of URL="https://code.jquery.com/jquery-3.7.1.min.js" (RelFrameId=1, Internal ID=3)  	[MsgId: MMSG-27649]
vuser_init.c(76): web_custom_request("jquery-3.7.1.min.js") highest severity level was "ERROR", 6881 body bytes, 630 header bytes  	[MsgId: MMSG-26388]
vuser_init.c(76): Notify: Transaction "TR1_JPetStore_Launch" ended with a "Fail" status (Duration: 120.2256 Wasted Time: 0.0010).	[MsgId: MMSG-16871]
vuser_init.c(76): Notify: Transaction "TR1_JPetStore_Launch" has 1 error message(s).	[MsgId: MMSG-16818]
vuser_init.c(76): Notify: The 1st error message associated with transaction "TR1_JPetStore_Launch" is "Error -27644: Step download timeout (120 seconds) has expired when only cross-step downloads (0) were active"	[MsgId: MMSG-16819]
Abort was called from an action.	[MsgId: MMSG-10447]
